a:\libraries\documents\visual studio 2013\projects\rogue games\rogue games\debug\vc120.pdb
a:\libraries\documents\visual studio 2013\projects\rogue games\rogue games\debug\vc120.idb
a:\libraries\documents\visual studio 2013\projects\rogue games\rogue games\debug\main.obj
c:\users\agardell\documents\visual studio 2015\projects\rogue game\debug\vc140.pdb
c:\users\agardell\documents\visual studio 2015\projects\rogue game\debug\vc140.idb
c:\users\agardell\documents\visual studio 2015\projects\rogue game\debug\main.obj
a:\libraries\documents\visual studio 2013\projects\rogue games\debug\rogue games.ilk
a:\libraries\documents\visual studio 2013\projects\rogue games\debug\rogue games.exe
a:\libraries\documents\visual studio 2013\projects\rogue games\debug\rogue games.pdb
c:\users\agardell\documents\visual studio 2015\projects\rogue game\debug\rogue games.ilk
c:\users\agardell\documents\visual studio 2015\projects\rogue game\debug\rogue games.exe
c:\users\agardell\documents\visual studio 2015\projects\rogue game\debug\rogue games.pdb
c:\users\agardell\documents\visual studio 2015\projects\rogue game\debug\vc120.idb
c:\users\agardell\documents\visual studio 2015\projects\rogue game\debug\vc120.pdb
c:\users\agardell\documents\visual studio 2015\projects\rogue game\debug\rogue games.tlog\cl.command.1.tlog
c:\users\agardell\documents\visual studio 2015\projects\rogue game\debug\rogue games.tlog\cl.read.1.tlog
c:\users\agardell\documents\visual studio 2015\projects\rogue game\debug\rogue games.tlog\cl.write.1.tlog
c:\users\agardell\documents\visual studio 2015\projects\rogue game\debug\rogue games.tlog\link.command.1.tlog
c:\users\agardell\documents\visual studio 2015\projects\rogue game\debug\rogue games.tlog\link.read.1.tlog
c:\users\agardell\documents\visual studio 2015\projects\rogue game\debug\rogue games.tlog\link.write.1.tlog
